---
COLLECT<COINS, XLOC: 2, YLOC: 0, VALUE: 200>

COLLECT<COINS, XLOC: 3, YLOC: 1, VALUE: 50>

---
COLLECT<COINS, XLOC: 2, YLOC: 0, VALUE: 200>
COLLECT<COINS, XLOC: 3, YLOC: 1, VALUE: 50>
---
---
COLLECT<ITEM, XLOC: 0, YLOC: 2, DESCRIPTION: Healing Potion, VALUE: 85
COLLECT<ITEM, XLOC: 2, YLOC: 2, DESCRIPTION: Defence Enchantment, VALUE: 360
COLLECT<COINS, XLOC: 3, YLOC: 1, VALUE: 50>
---
COLLECT<ITEM, XLOC: 0, YLOC: 2, DESCRIPTION: Healing Potion, VALUE: 85
COLLECT<ITEM, XLOC: 2, YLOC: 2, DESCRIPTION: Defence Enchantment, VALUE: 360
DISCARD<GEAR, XLOC: 2, XLOC: 4, DESCRIPTION: Lightsaber, SLOT: HANDS, VALUE: 850
COLLECT<GEAR, XLOC: 1, XLOC: 1, DESCRIPTION: Lightsaber, SLOT: HANDS, VALUE: 850
DISCARD<GEAR, XLOC: 1, XLOC: 1, DESCRIPTION: Vibranium Shield, SLOT: HANDS, VALUE: 990
COLLECT<COINS, XLOC: 3, YLOC: 1, VALUE: 50>
---
COLLECT<ITEM, XLOC: 0, YLOC: 2, DESCRIPTION: Healing Potion, VALUE: 85
COLLECT<ITEM, XLOC: 2, YLOC: 2, DESCRIPTION: Defence Enchantment, VALUE: 360
COLLECT<GEAR, XLOC: 2, XLOC: 4, DESCRIPTION: Lightsaber, SLOT: HANDS, VALUE: 850
DISCARD<GEAR, XLOC: 1, XLOC: 1, DESCRIPTION: Lightsaber, SLOT: HANDS, VALUE: 850
COLLECT<GEAR, XLOC: 1, XLOC: 1, DESCRIPTION: Vibranium Shield, SLOT: HANDS, VALUE: 990
COLLECT<COINS, XLOC: 3, YLOC: 1, VALUE: 50>
---
COLLECT<ITEM, XLOC: 0, YLOC: 2, DESCRIPTION: Healing Potion, VALUE: 85
COLLECT<ITEM, XLOC: 2, YLOC: 2, DESCRIPTION: Defence Enchantment, VALUE: 360
COLLECT<GEAR, XLOC: 2, XLOC: 4, DESCRIPTION: Lightsaber, SLOT: HANDS, VALUE: 850
DISCARD<GEAR, XLOC: 1, XLOC: 1, DESCRIPTION: Lightsaber, SLOT: HANDS, VALUE: 850
COLLECT<GEAR, XLOC: 1, XLOC: 1, DESCRIPTION: Vibranium Shield, SLOT: HANDS, VALUE: 990
COLLECT<COINS, XLOC: 3, YLOC: 1, VALUE: 50>
---
COLLECT<ITEM, XLOC: 0, YLOC: 2, DESCRIPTION: Healing Potion, VALUE: 85
COLLECT<ITEM, XLOC: 2, YLOC: 2, DESCRIPTION: Defence Enchantment, VALUE: 360
COLLECT<GEAR, XLOC: 2, XLOC: 4, DESCRIPTION: Lightsaber, SLOT: hands, VALUE: 850
DISCARD<GEAR, XLOC: 1, XLOC: 1, DESCRIPTION: Lightsaber, SLOT: hands, VALUE: 850
COLLECT<GEAR, XLOC: 1, XLOC: 1, DESCRIPTION: Vibranium Shield, SLOT: hands, VALUE: 990
COLLECT<COINS, XLOC: 3, YLOC: 1, VALUE: 50>
---
COLLECT<ITEM, XLOC: 0, YLOC: 2, DESCRIPTION: Healing Potion, VALUE: 85
COLLECT<ITEM, XLOC: 2, YLOC: 2, DESCRIPTION: Defence Enchantment, VALUE: 360
COLLECT<GEAR, XLOC: 2, XLOC: 4, DESCRIPTION: Lightsaber, SLOT: hands, VALUE: 850
DISCARD<GEAR, XLOC: 1, XLOC: 1, DESCRIPTION: Lightsaber, SLOT: hands, VALUE: 850
COLLECT<GEAR, XLOC: 1, XLOC: 1, DESCRIPTION: Vibranium Shield, SLOT: hands, VALUE: 990
COLLECT<COINS, XLOC: 3, YLOC: 1, VALUE: 50>
